int certificate written (S=1e10); exact verify at 1885/1000
  1,594,323/1,162,261,467 viol 0
  65,367,243/1,162,261,467 viol 0
  129,140,163/1,162,261,467 viol 0
  192,913,083/1,162,261,467 viol 0
  256,686,003/1,162,261,467 viol 0
  320,458,923/1,162,261,467 viol 0
  384,231,843/1,162,261,467 viol 0
  448,004,763/1,162,261,467 viol 0
  511,777,683/1,162,261,467 viol 0
  575,550,603/1,162,261,467 viol 0
  639,323,523/1,162,261,467 viol 0
  703,096,443/1,162,261,467 viol 0
  766,869,363/1,162,261,467 viol 0
  830,642,283/1,162,261,467 viol 0
  894,415,203/1,162,261,467 viol 0
  958,188,123/1,162,261,467 viol 0
  1,021,961,043/1,162,261,467 viol 0
  1,085,733,963/1,162,261,467 viol 0
  1,149,506,883/1,162,261,467 viol 0

k=20 lam=1885/1000: violations=0: VERIFIED pi(x) >= x^0.9146 *** NEW RECORD ***
